<?xml version="1.0" encoding="UTF-8"?>
<testng-results ignored="0" total="2" passed="2" failed="0" skipped="0">
  <reporter-output>
  </reporter-output>
  <suite started-at="2024-04-01T16:25:58 IST" name="Default suite" finished-at="2024-04-01T16:28:40 IST" duration-ms="161567">
    <groups>
    </groups>
    <test started-at="2024-04-01T16:25:58 IST" name="Default test" finished-at="2024-04-01T16:28:40 IST" duration-ms="161567">
      <class name="testpkg.Hometest">
        <test-method is-config="true" signature="setup()[pri:0, instance:testpkg.Hometest@2892d68]" started-at="2024-04-01T16:25:58 IST" name="setup" finished-at="2024-04-01T16:27:18 IST" duration-ms="79904" status="PASS">
          <reporter-output>
          </reporter-output>
        </test-method> <!-- setup -->
        <test-method signature="test1()[pri:0, instance:testpkg.Hometest@2892d68]" started-at="2024-04-01T16:27:20 IST" name="test1" finished-at="2024-04-01T16:28:40 IST" duration-ms="79796" status="PASS">
          <reporter-output>
          </reporter-output>
        </test-method> <!-- test1 -->
        <test-method signature="titleverification()[pri:0, instance:testpkg.Hometest@2892d68]" started-at="2024-04-01T16:28:40 IST" name="titleverification" finished-at="2024-04-01T16:28:40 IST" duration-ms="148" status="PASS">
          <reporter-output>
          </reporter-output>
        </test-method> <!-- titleverification -->
      </class> <!-- testpkg.Hometest -->
    </test> <!-- Default test -->
  </suite> <!-- Default suite -->
</testng-results>
